[1123/183435.773:ERROR:cache_util_win.cc(20)] Unable to move the cache: Access is denied. (0x5)
[1123/183435.773:ERROR:disk_cache.cc(205)] Unable to create cache
[1123/183435.773:ERROR:gpu_disk_cache.cc(673)] Gpu Cache Creation failed: -2
[1123/183435.775:ERROR:cache_util_win.cc(20)] Unable to move the cache: Access is denied. (0x5)
[1123/183435.777:ERROR:disk_cache.cc(205)] Unable to create cache
[1123/183435.777:ERROR:gpu_disk_cache.cc(673)] Gpu Cache Creation failed: -2
[1123/183435.778:ERROR:cache_util_win.cc(20)] Unable to move the cache: Access is denied. (0x5)
[1123/183435.778:ERROR:disk_cache.cc(205)] Unable to create cache
[1123/183435.779:ERROR:gpu_disk_cache.cc(673)] Gpu Cache Creation failed: -2
[1123/183435.798:ERROR:cache_util_win.cc(20)] Unable to move the cache: Access is denied. (0x5)
[1123/183435.802:ERROR:disk_cache.cc(205)] Unable to create cache
[1123/183435.802:ERROR:gpu_disk_cache.cc(673)] Gpu Cache Creation failed: -2
[1123/183435.965:ERROR:command_buffer_proxy_impl.cc(128)] ContextResult::kTransientFailure: Failed to send GpuControl.CreateCommandBuffer.
[1123/183436.182:INFO:CONSOLE(113)] "Event handler of 'x-storagemutated-1' event must be added on the initial evaluation of worker script.", source: https://static.whatsapp.net/rsrc.php/v4/yY/r/QRxlo6RWaHe.js (113)
[1123/183437.793:ERROR:cache_util_win.cc(20)] Unable to move the cache: Access is denied. (0x5)
[1123/183437.793:ERROR:disk_cache.cc(205)] Unable to create cache
[1123/183437.807:ERROR:cache_util_win.cc(20)] Unable to move the cache: Access is denied. (0x5)
[1123/183437.807:ERROR:disk_cache.cc(205)] Unable to create cache
[1123/183438.793:ERROR:service_worker_storage.cc(1933)] Failed to delete the database: Database IO error
[1123/183438.793:ERROR:service_worker_storage.cc(1933)] Failed to delete the database: Database IO error
[1123/183442.456:INFO:CONSOLE(0)] "Error with Permissions-Policy header: Feature xr-spatial-tracking's parameters are ignored.", source:  (0)
[1123/183442.456:INFO:CONSOLE(0)] "Error with Permissions-Policy header: Origin trial controlled feature not enabled: 'attribution-reporting'.", source:  (0)
[1123/183442.456:INFO:CONSOLE(0)] "Error with Permissions-Policy header: Unrecognized feature: 'compute-pressure'.", source:  (0)
[1123/183442.456:INFO:CONSOLE(0)] "Error with Permissions-Policy header: Origin trial controlled feature not enabled: 'interest-cohort'.", source:  (0)
[1123/183442.456:INFO:CONSOLE(0)] "Error with Permissions-Policy header: Unrecognized feature: 'private-state-token-issuance'.", source:  (0)
[1123/183442.456:INFO:CONSOLE(0)] "Error with Permissions-Policy header: Origin trial controlled feature not enabled: 'shared-storage'.", source:  (0)
[1123/183442.456:INFO:CONSOLE(0)] "Error with Permissions-Policy header: Unrecognized feature: 'shared-storage-select-url'.", source:  (0)
[1123/183442.456:INFO:CONSOLE(0)] "Error with Permissions-Policy header: Unrecognized feature: 'private-state-token-redemption'.", source:  (0)
[1123/183442.456:INFO:CONSOLE(0)] "Error with Permissions-Policy header: Unrecognized feature: 'unload'.", source:  (0)
[1123/183442.456:INFO:CONSOLE(0)] "Error with Permissions-Policy header: Unrecognized feature: 'window-management'.", source:  (0)
[1123/183442.456:INFO:CONSOLE(0)] "Document-Policy HTTP header: Unrecognized document policy feature name include-js-call-stacks-in-crash-reports.", source: https://web.whatsapp.com/ (0)
[1123/183442.549:INFO:CONSOLE(0)] "Error with Permissions-Policy header: Feature xr-spatial-tracking's parameters are ignored.", source:  (0)
[1123/183442.549:INFO:CONSOLE(0)] "Error with Permissions-Policy header: Origin trial controlled feature not enabled: 'attribution-reporting'.", source:  (0)
[1123/183442.549:INFO:CONSOLE(0)] "Error with Permissions-Policy header: Unrecognized feature: 'compute-pressure'.", source:  (0)
[1123/183442.549:INFO:CONSOLE(0)] "Error with Permissions-Policy header: Origin trial controlled feature not enabled: 'interest-cohort'.", source:  (0)
[1123/183442.549:INFO:CONSOLE(0)] "Error with Permissions-Policy header: Unrecognized feature: 'private-state-token-issuance'.", source:  (0)
[1123/183442.549:INFO:CONSOLE(0)] "Error with Permissions-Policy header: Origin trial controlled feature not enabled: 'shared-storage'.", source:  (0)
[1123/183442.549:INFO:CONSOLE(0)] "Error with Permissions-Policy header: Unrecognized feature: 'shared-storage-select-url'.", source:  (0)
[1123/183442.549:INFO:CONSOLE(0)] "Error with Permissions-Policy header: Unrecognized feature: 'private-state-token-redemption'.", source:  (0)
[1123/183442.549:INFO:CONSOLE(0)] "Error with Permissions-Policy header: Unrecognized feature: 'unload'.", source:  (0)
[1123/183442.549:INFO:CONSOLE(0)] "Error with Permissions-Policy header: Unrecognized feature: 'window-management'.", source:  (0)
[1123/183442.550:INFO:CONSOLE(0)] "Document-Policy HTTP header: Unrecognized document policy feature name include-js-call-stacks-in-crash-reports.", source: https://web.whatsapp.com/ (0)
[1123/183442.552:INFO:CONSOLE(0)] "Error with Permissions-Policy header: Feature xr-spatial-tracking's parameters are ignored.", source:  (0)
[1123/183442.552:INFO:CONSOLE(0)] "Error with Permissions-Policy header: Origin trial controlled feature not enabled: 'attribution-reporting'.", source:  (0)
[1123/183442.552:INFO:CONSOLE(0)] "Error with Permissions-Policy header: Unrecognized feature: 'compute-pressure'.", source:  (0)
[1123/183442.552:INFO:CONSOLE(0)] "Error with Permissions-Policy header: Origin trial controlled feature not enabled: 'interest-cohort'.", source:  (0)
[1123/183442.552:INFO:CONSOLE(0)] "Error with Permissions-Policy header: Unrecognized feature: 'private-state-token-issuance'.", source:  (0)
[1123/183442.552:INFO:CONSOLE(0)] "Error with Permissions-Policy header: Origin trial controlled feature not enabled: 'shared-storage'.", source:  (0)
[1123/183442.552:INFO:CONSOLE(0)] "Error with Permissions-Policy header: Unrecognized feature: 'shared-storage-select-url'.", source:  (0)
[1123/183442.552:INFO:CONSOLE(0)] "Error with Permissions-Policy header: Unrecognized feature: 'private-state-token-redemption'.", source:  (0)
[1123/183442.552:INFO:CONSOLE(0)] "Error with Permissions-Policy header: Unrecognized feature: 'unload'.", source:  (0)
[1123/183442.553:INFO:CONSOLE(0)] "Error with Permissions-Policy header: Unrecognized feature: 'window-management'.", source:  (0)
[1123/183442.553:INFO:CONSOLE(0)] "Document-Policy HTTP header: Unrecognized document policy feature name include-js-call-stacks-in-crash-reports.", source: https://web.whatsapp.com/ (0)
[1123/183448.937:ERROR:leveldb_factory.cc(88)] Failed to open LevelDB database from E:\NITS PS1\backend\whatsapp-session\session-nits-ps1-whatsapp\Default\IndexedDB\https_web.whatsapp.com_0.indexeddb.leveldb,IO error: E:\NITS PS1\backend\whatsapp-session\session-nits-ps1-whatsapp\Default\IndexedDB\https_web.whatsapp.com_0.indexeddb.leveldb/LOCK: File currently in use. (ChromeMethodBFE: 15::LockFile::2)
[1123/183450.491:INFO:CONSOLE(113)] "Event handler of 'x-storagemutated-1' event must be added on the initial evaluation of worker script.", source: https://static.whatsapp.net/rsrc.php/v4/yY/r/QRxlo6RWaHe.js (113)
[1123/183450.650:ERROR:leveldb_factory.cc(88)] Failed to open LevelDB database from E:\NITS PS1\backend\whatsapp-session\session-nits-ps1-whatsapp\Default\IndexedDB\https_web.whatsapp.com_0.indexeddb.leveldb,IO error: E:\NITS PS1\backend\whatsapp-session\session-nits-ps1-whatsapp\Default\IndexedDB\https_web.whatsapp.com_0.indexeddb.leveldb/LOCK: File currently in use. (ChromeMethodBFE: 15::LockFile::2)
[1123/183450.943:ERROR:leveldb_factory.cc(88)] Failed to open LevelDB database from E:\NITS PS1\backend\whatsapp-session\session-nits-ps1-whatsapp\Default\IndexedDB\https_web.whatsapp.com_0.indexeddb.leveldb,IO error: E:\NITS PS1\backend\whatsapp-session\session-nits-ps1-whatsapp\Default\IndexedDB\https_web.whatsapp.com_0.indexeddb.leveldb/LOCK: File currently in use. (ChromeMethodBFE: 15::LockFile::2)
[1123/183452.659:ERROR:leveldb_factory.cc(88)] Failed to open LevelDB database from E:\NITS PS1\backend\whatsapp-session\session-nits-ps1-whatsapp\Default\IndexedDB\https_web.whatsapp.com_0.indexeddb.leveldb,IO error: E:\NITS PS1\backend\whatsapp-session\session-nits-ps1-whatsapp\Default\IndexedDB\https_web.whatsapp.com_0.indexeddb.leveldb/LOCK: File currently in use. (ChromeMethodBFE: 15::LockFile::2)
[1123/183452.964:ERROR:leveldb_factory.cc(88)] Failed to open LevelDB database from E:\NITS PS1\backend\whatsapp-session\session-nits-ps1-whatsapp\Default\IndexedDB\https_web.whatsapp.com_0.indexeddb.leveldb,IO error: E:\NITS PS1\backend\whatsapp-session\session-nits-ps1-whatsapp\Default\IndexedDB\https_web.whatsapp.com_0.indexeddb.leveldb/LOCK: File currently in use. (ChromeMethodBFE: 15::LockFile::2)
[1123/183454.677:ERROR:leveldb_factory.cc(88)] Failed to open LevelDB database from E:\NITS PS1\backend\whatsapp-session\session-nits-ps1-whatsapp\Default\IndexedDB\https_web.whatsapp.com_0.indexeddb.leveldb,IO error: E:\NITS PS1\backend\whatsapp-session\session-nits-ps1-whatsapp\Default\IndexedDB\https_web.whatsapp.com_0.indexeddb.leveldb/LOCK: File currently in use. (ChromeMethodBFE: 15::LockFile::2)
[1123/183454.972:ERROR:leveldb_factory.cc(88)] Failed to open LevelDB database from E:\NITS PS1\backend\whatsapp-session\session-nits-ps1-whatsapp\Default\IndexedDB\https_web.whatsapp.com_0.indexeddb.leveldb,IO error: E:\NITS PS1\backend\whatsapp-session\session-nits-ps1-whatsapp\Default\IndexedDB\https_web.whatsapp.com_0.indexeddb.leveldb/LOCK: File currently in use. (ChromeMethodBFE: 15::LockFile::2)
[1123/183456.689:ERROR:leveldb_factory.cc(88)] Failed to open LevelDB database from E:\NITS PS1\backend\whatsapp-session\session-nits-ps1-whatsapp\Default\IndexedDB\https_web.whatsapp.com_0.indexeddb.leveldb,IO error: E:\NITS PS1\backend\whatsapp-session\session-nits-ps1-whatsapp\Default\IndexedDB\https_web.whatsapp.com_0.indexeddb.leveldb/LOCK: File currently in use. (ChromeMethodBFE: 15::LockFile::2)
[1123/183456.981:ERROR:leveldb_factory.cc(88)] Failed to open LevelDB database from E:\NITS PS1\backend\whatsapp-session\session-nits-ps1-whatsapp\Default\IndexedDB\https_web.whatsapp.com_0.indexeddb.leveldb,IO error: E:\NITS PS1\backend\whatsapp-session\session-nits-ps1-whatsapp\Default\IndexedDB\https_web.whatsapp.com_0.indexeddb.leveldb/LOCK: File currently in use. (ChromeMethodBFE: 15::LockFile::2)
[1123/183458.705:ERROR:leveldb_factory.cc(88)] Failed to open LevelDB database from E:\NITS PS1\backend\whatsapp-session\session-nits-ps1-whatsapp\Default\IndexedDB\https_web.whatsapp.com_0.indexeddb.leveldb,IO error: E:\NITS PS1\backend\whatsapp-session\session-nits-ps1-whatsapp\Default\IndexedDB\https_web.whatsapp.com_0.indexeddb.leveldb/LOCK: File currently in use. (ChromeMethodBFE: 15::LockFile::2)
[1123/183458.999:ERROR:leveldb_factory.cc(88)] Failed to open LevelDB database from E:\NITS PS1\backend\whatsapp-session\session-nits-ps1-whatsapp\Default\IndexedDB\https_web.whatsapp.com_0.indexeddb.leveldb,IO error: E:\NITS PS1\backend\whatsapp-session\session-nits-ps1-whatsapp\Default\IndexedDB\https_web.whatsapp.com_0.indexeddb.leveldb/LOCK: File currently in use. (ChromeMethodBFE: 15::LockFile::2)
[1123/183500.722:ERROR:leveldb_factory.cc(88)] Failed to open LevelDB database from E:\NITS PS1\backend\whatsapp-session\session-nits-ps1-whatsapp\Default\IndexedDB\https_web.whatsapp.com_0.indexeddb.leveldb,IO error: E:\NITS PS1\backend\whatsapp-session\session-nits-ps1-whatsapp\Default\IndexedDB\https_web.whatsapp.com_0.indexeddb.leveldb/LOCK: File currently in use. (ChromeMethodBFE: 15::LockFile::2)
[1123/183501.014:ERROR:leveldb_factory.cc(88)] Failed to open LevelDB database from E:\NITS PS1\backend\whatsapp-session\session-nits-ps1-whatsapp\Default\IndexedDB\https_web.whatsapp.com_0.indexeddb.leveldb,IO error: E:\NITS PS1\backend\whatsapp-session\session-nits-ps1-whatsapp\Default\IndexedDB\https_web.whatsapp.com_0.indexeddb.leveldb/LOCK: File currently in use. (ChromeMethodBFE: 15::LockFile::2)
[1123/183502.730:ERROR:leveldb_factory.cc(88)] Failed to open LevelDB database from E:\NITS PS1\backend\whatsapp-session\session-nits-ps1-whatsapp\Default\IndexedDB\https_web.whatsapp.com_0.indexeddb.leveldb,IO error: E:\NITS PS1\backend\whatsapp-session\session-nits-ps1-whatsapp\Default\IndexedDB\https_web.whatsapp.com_0.indexeddb.leveldb/LOCK: File currently in use. (ChromeMethodBFE: 15::LockFile::2)
[1123/183503.029:ERROR:leveldb_factory.cc(88)] Failed to open LevelDB database from E:\NITS PS1\backend\whatsapp-session\session-nits-ps1-whatsapp\Default\IndexedDB\https_web.whatsapp.com_0.indexeddb.leveldb,IO error: E:\NITS PS1\backend\whatsapp-session\session-nits-ps1-whatsapp\Default\IndexedDB\https_web.whatsapp.com_0.indexeddb.leveldb/LOCK: File currently in use. (ChromeMethodBFE: 15::LockFile::2)
[1123/183504.747:ERROR:leveldb_factory.cc(88)] Failed to open LevelDB database from E:\NITS PS1\backend\whatsapp-session\session-nits-ps1-whatsapp\Default\IndexedDB\https_web.whatsapp.com_0.indexeddb.leveldb,IO error: E:\NITS PS1\backend\whatsapp-session\session-nits-ps1-whatsapp\Default\IndexedDB\https_web.whatsapp.com_0.indexeddb.leveldb/LOCK: File currently in use. (ChromeMethodBFE: 15::LockFile::2)
[1123/183505.038:ERROR:leveldb_factory.cc(88)] Failed to open LevelDB database from E:\NITS PS1\backend\whatsapp-session\session-nits-ps1-whatsapp\Default\IndexedDB\https_web.whatsapp.com_0.indexeddb.leveldb,IO error: E:\NITS PS1\backend\whatsapp-session\session-nits-ps1-whatsapp\Default\IndexedDB\https_web.whatsapp.com_0.indexeddb.leveldb/LOCK: File currently in use. (ChromeMethodBFE: 15::LockFile::2)
[1123/183506.757:ERROR:leveldb_factory.cc(88)] Failed to open LevelDB database from E:\NITS PS1\backend\whatsapp-session\session-nits-ps1-whatsapp\Default\IndexedDB\https_web.whatsapp.com_0.indexeddb.leveldb,IO error: E:\NITS PS1\backend\whatsapp-session\session-nits-ps1-whatsapp\Default\IndexedDB\https_web.whatsapp.com_0.indexeddb.leveldb/LOCK: File currently in use. (ChromeMethodBFE: 15::LockFile::2)
[1123/183507.059:ERROR:leveldb_factory.cc(88)] Failed to open LevelDB database from E:\NITS PS1\backend\whatsapp-session\session-nits-ps1-whatsapp\Default\IndexedDB\https_web.whatsapp.com_0.indexeddb.leveldb,IO error: E:\NITS PS1\backend\whatsapp-session\session-nits-ps1-whatsapp\Default\IndexedDB\https_web.whatsapp.com_0.indexeddb.leveldb/LOCK: File currently in use. (ChromeMethodBFE: 15::LockFile::2)
[1123/183508.768:ERROR:leveldb_factory.cc(88)] Failed to open LevelDB database from E:\NITS PS1\backend\whatsapp-session\session-nits-ps1-whatsapp\Default\IndexedDB\https_web.whatsapp.com_0.indexeddb.leveldb,IO error: E:\NITS PS1\backend\whatsapp-session\session-nits-ps1-whatsapp\Default\IndexedDB\https_web.whatsapp.com_0.indexeddb.leveldb/LOCK: File currently in use. (ChromeMethodBFE: 15::LockFile::2)
[1123/183509.070:ERROR:leveldb_factory.cc(88)] Failed to open LevelDB database from E:\NITS PS1\backend\whatsapp-session\session-nits-ps1-whatsapp\Default\IndexedDB\https_web.whatsapp.com_0.indexeddb.leveldb,IO error: E:\NITS PS1\backend\whatsapp-session\session-nits-ps1-whatsapp\Default\IndexedDB\https_web.whatsapp.com_0.indexeddb.leveldb/LOCK: File currently in use. (ChromeMethodBFE: 15::LockFile::2)
[1123/183510.787:ERROR:leveldb_factory.cc(88)] Failed to open LevelDB database from E:\NITS PS1\backend\whatsapp-session\session-nits-ps1-whatsapp\Default\IndexedDB\https_web.whatsapp.com_0.indexeddb.leveldb,IO error: E:\NITS PS1\backend\whatsapp-session\session-nits-ps1-whatsapp\Default\IndexedDB\https_web.whatsapp.com_0.indexeddb.leveldb/LOCK: File currently in use. (ChromeMethodBFE: 15::LockFile::2)
[1123/183511.083:ERROR:leveldb_factory.cc(88)] Failed to open LevelDB database from E:\NITS PS1\backend\whatsapp-session\session-nits-ps1-whatsapp\Default\IndexedDB\https_web.whatsapp.com_0.indexeddb.leveldb,IO error: E:\NITS PS1\backend\whatsapp-session\session-nits-ps1-whatsapp\Default\IndexedDB\https_web.whatsapp.com_0.indexeddb.leveldb/LOCK: File currently in use. (ChromeMethodBFE: 15::LockFile::2)
[1123/183512.797:ERROR:leveldb_factory.cc(88)] Failed to open LevelDB database from E:\NITS PS1\backend\whatsapp-session\session-nits-ps1-whatsapp\Default\IndexedDB\https_web.whatsapp.com_0.indexeddb.leveldb,IO error: E:\NITS PS1\backend\whatsapp-session\session-nits-ps1-whatsapp\Default\IndexedDB\https_web.whatsapp.com_0.indexeddb.leveldb/LOCK: File currently in use. (ChromeMethodBFE: 15::LockFile::2)
[1123/183513.090:ERROR:leveldb_factory.cc(88)] Failed to open LevelDB database from E:\NITS PS1\backend\whatsapp-session\session-nits-ps1-whatsapp\Default\IndexedDB\https_web.whatsapp.com_0.indexeddb.leveldb,IO error: E:\NITS PS1\backend\whatsapp-session\session-nits-ps1-whatsapp\Default\IndexedDB\https_web.whatsapp.com_0.indexeddb.leveldb/LOCK: File currently in use. (ChromeMethodBFE: 15::LockFile::2)
[1123/183514.811:ERROR:leveldb_factory.cc(88)] Failed to open LevelDB database from E:\NITS PS1\backend\whatsapp-session\session-nits-ps1-whatsapp\Default\IndexedDB\https_web.whatsapp.com_0.indexeddb.leveldb,IO error: E:\NITS PS1\backend\whatsapp-session\session-nits-ps1-whatsapp\Default\IndexedDB\https_web.whatsapp.com_0.indexeddb.leveldb/LOCK: File currently in use. (ChromeMethodBFE: 15::LockFile::2)
[1123/183515.097:ERROR:leveldb_factory.cc(88)] Failed to open LevelDB database from E:\NITS PS1\backend\whatsapp-session\session-nits-ps1-whatsapp\Default\IndexedDB\https_web.whatsapp.com_0.indexeddb.leveldb,IO error: E:\NITS PS1\backend\whatsapp-session\session-nits-ps1-whatsapp\Default\IndexedDB\https_web.whatsapp.com_0.indexeddb.leveldb/LOCK: File currently in use. (ChromeMethodBFE: 15::LockFile::2)
[1123/183516.831:ERROR:leveldb_factory.cc(88)] Failed to open LevelDB database from E:\NITS PS1\backend\whatsapp-session\session-nits-ps1-whatsapp\Default\IndexedDB\https_web.whatsapp.com_0.indexeddb.leveldb,IO error: E:\NITS PS1\backend\whatsapp-session\session-nits-ps1-whatsapp\Default\IndexedDB\https_web.whatsapp.com_0.indexeddb.leveldb/LOCK: File currently in use. (ChromeMethodBFE: 15::LockFile::2)
[1123/183517.110:ERROR:leveldb_factory.cc(88)] Failed to open LevelDB database from E:\NITS PS1\backend\whatsapp-session\session-nits-ps1-whatsapp\Default\IndexedDB\https_web.whatsapp.com_0.indexeddb.leveldb,IO error: E:\NITS PS1\backend\whatsapp-session\session-nits-ps1-whatsapp\Default\IndexedDB\https_web.whatsapp.com_0.indexeddb.leveldb/LOCK: File currently in use. (ChromeMethodBFE: 15::LockFile::2)
[1123/183518.847:ERROR:leveldb_factory.cc(88)] Failed to open LevelDB database from E:\NITS PS1\backend\whatsapp-session\session-nits-ps1-whatsapp\Default\IndexedDB\https_web.whatsapp.com_0.indexeddb.leveldb,IO error: E:\NITS PS1\backend\whatsapp-session\session-nits-ps1-whatsapp\Default\IndexedDB\https_web.whatsapp.com_0.indexeddb.leveldb/LOCK: File currently in use. (ChromeMethodBFE: 15::LockFile::2)
[1123/183519.124:ERROR:leveldb_factory.cc(88)] Failed to open LevelDB database from E:\NITS PS1\backend\whatsapp-session\session-nits-ps1-whatsapp\Default\IndexedDB\https_web.whatsapp.com_0.indexeddb.leveldb,IO error: E:\NITS PS1\backend\whatsapp-session\session-nits-ps1-whatsapp\Default\IndexedDB\https_web.whatsapp.com_0.indexeddb.leveldb/LOCK: File currently in use. (ChromeMethodBFE: 15::LockFile::2)
[1123/183520.862:ERROR:leveldb_factory.cc(88)] Failed to open LevelDB database from E:\NITS PS1\backend\whatsapp-session\session-nits-ps1-whatsapp\Default\IndexedDB\https_web.whatsapp.com_0.indexeddb.leveldb,IO error: E:\NITS PS1\backend\whatsapp-session\session-nits-ps1-whatsapp\Default\IndexedDB\https_web.whatsapp.com_0.indexeddb.leveldb/LOCK: File currently in use. (ChromeMethodBFE: 15::LockFile::2)
[1123/183521.134:ERROR:leveldb_factory.cc(88)] Failed to open LevelDB database from E:\NITS PS1\backend\whatsapp-session\session-nits-ps1-whatsapp\Default\IndexedDB\https_web.whatsapp.com_0.indexeddb.leveldb,IO error: E:\NITS PS1\backend\whatsapp-session\session-nits-ps1-whatsapp\Default\IndexedDB\https_web.whatsapp.com_0.indexeddb.leveldb/LOCK: File currently in use. (ChromeMethodBFE: 15::LockFile::2)
[1123/183522.879:ERROR:leveldb_factory.cc(88)] Failed to open LevelDB database from E:\NITS PS1\backend\whatsapp-session\session-nits-ps1-whatsapp\Default\IndexedDB\https_web.whatsapp.com_0.indexeddb.leveldb,IO error: E:\NITS PS1\backend\whatsapp-session\session-nits-ps1-whatsapp\Default\IndexedDB\https_web.whatsapp.com_0.indexeddb.leveldb/LOCK: File currently in use. (ChromeMethodBFE: 15::LockFile::2)
[1123/183523.145:ERROR:leveldb_factory.cc(88)] Failed to open LevelDB database from E:\NITS PS1\backend\whatsapp-session\session-nits-ps1-whatsapp\Default\IndexedDB\https_web.whatsapp.com_0.indexeddb.leveldb,IO error: E:\NITS PS1\backend\whatsapp-session\session-nits-ps1-whatsapp\Default\IndexedDB\https_web.whatsapp.com_0.indexeddb.leveldb/LOCK: File currently in use. (ChromeMethodBFE: 15::LockFile::2)
[1123/183524.889:ERROR:leveldb_factory.cc(88)] Failed to open LevelDB database from E:\NITS PS1\backend\whatsapp-session\session-nits-ps1-whatsapp\Default\IndexedDB\https_web.whatsapp.com_0.indexeddb.leveldb,IO error: E:\NITS PS1\backend\whatsapp-session\session-nits-ps1-whatsapp\Default\IndexedDB\https_web.whatsapp.com_0.indexeddb.leveldb/LOCK: File currently in use. (ChromeMethodBFE: 15::LockFile::2)
[1123/183525.158:ERROR:leveldb_factory.cc(88)] Failed to open LevelDB database from E:\NITS PS1\backend\whatsapp-session\session-nits-ps1-whatsapp\Default\IndexedDB\https_web.whatsapp.com_0.indexeddb.leveldb,IO error: E:\NITS PS1\backend\whatsapp-session\session-nits-ps1-whatsapp\Default\IndexedDB\https_web.whatsapp.com_0.indexeddb.leveldb/LOCK: File currently in use. (ChromeMethodBFE: 15::LockFile::2)
[1123/183526.902:ERROR:leveldb_factory.cc(88)] Failed to open LevelDB database from E:\NITS PS1\backend\whatsapp-session\session-nits-ps1-whatsapp\Default\IndexedDB\https_web.whatsapp.com_0.indexeddb.leveldb,IO error: E:\NITS PS1\backend\whatsapp-session\session-nits-ps1-whatsapp\Default\IndexedDB\https_web.whatsapp.com_0.indexeddb.leveldb/LOCK: File currently in use. (ChromeMethodBFE: 15::LockFile::2)
[1123/183527.172:ERROR:leveldb_factory.cc(88)] Failed to open LevelDB database from E:\NITS PS1\backend\whatsapp-session\session-nits-ps1-whatsapp\Default\IndexedDB\https_web.whatsapp.com_0.indexeddb.leveldb,IO error: E:\NITS PS1\backend\whatsapp-session\session-nits-ps1-whatsapp\Default\IndexedDB\https_web.whatsapp.com_0.indexeddb.leveldb/LOCK: File currently in use. (ChromeMethodBFE: 15::LockFile::2)
[1123/183528.917:ERROR:leveldb_factory.cc(88)] Failed to open LevelDB database from E:\NITS PS1\backend\whatsapp-session\session-nits-ps1-whatsapp\Default\IndexedDB\https_web.whatsapp.com_0.indexeddb.leveldb,IO error: E:\NITS PS1\backend\whatsapp-session\session-nits-ps1-whatsapp\Default\IndexedDB\https_web.whatsapp.com_0.indexeddb.leveldb/LOCK: File currently in use. (ChromeMethodBFE: 15::LockFile::2)
[1123/183529.178:ERROR:leveldb_factory.cc(88)] Failed to open LevelDB database from E:\NITS PS1\backend\whatsapp-session\session-nits-ps1-whatsapp\Default\IndexedDB\https_web.whatsapp.com_0.indexeddb.leveldb,IO error: E:\NITS PS1\backend\whatsapp-session\session-nits-ps1-whatsapp\Default\IndexedDB\https_web.whatsapp.com_0.indexeddb.leveldb/LOCK: File currently in use. (ChromeMethodBFE: 15::LockFile::2)
[1123/183530.935:ERROR:leveldb_factory.cc(88)] Failed to open LevelDB database from E:\NITS PS1\backend\whatsapp-session\session-nits-ps1-whatsapp\Default\IndexedDB\https_web.whatsapp.com_0.indexeddb.leveldb,IO error: E:\NITS PS1\backend\whatsapp-session\session-nits-ps1-whatsapp\Default\IndexedDB\https_web.whatsapp.com_0.indexeddb.leveldb/LOCK: File currently in use. (ChromeMethodBFE: 15::LockFile::2)
[1123/183531.194:ERROR:leveldb_factory.cc(88)] Failed to open LevelDB database from E:\NITS PS1\backend\whatsapp-session\session-nits-ps1-whatsapp\Default\IndexedDB\https_web.whatsapp.com_0.indexeddb.leveldb,IO error: E:\NITS PS1\backend\whatsapp-session\session-nits-ps1-whatsapp\Default\IndexedDB\https_web.whatsapp.com_0.indexeddb.leveldb/LOCK: File currently in use. (ChromeMethodBFE: 15::LockFile::2)
[1123/183532.948:ERROR:leveldb_factory.cc(88)] Failed to open LevelDB database from E:\NITS PS1\backend\whatsapp-session\session-nits-ps1-whatsapp\Default\IndexedDB\https_web.whatsapp.com_0.indexeddb.leveldb,IO error: E:\NITS PS1\backend\whatsapp-session\session-nits-ps1-whatsapp\Default\IndexedDB\https_web.whatsapp.com_0.indexeddb.leveldb/LOCK: File currently in use. (ChromeMethodBFE: 15::LockFile::2)
[1123/183533.207:ERROR:leveldb_factory.cc(88)] Failed to open LevelDB database from E:\NITS PS1\backend\whatsapp-session\session-nits-ps1-whatsapp\Default\IndexedDB\https_web.whatsapp.com_0.indexeddb.leveldb,IO error: E:\NITS PS1\backend\whatsapp-session\session-nits-ps1-whatsapp\Default\IndexedDB\https_web.whatsapp.com_0.indexeddb.leveldb/LOCK: File currently in use. (ChromeMethodBFE: 15::LockFile::2)
[1123/183534.969:ERROR:leveldb_factory.cc(88)] Failed to open LevelDB database from E:\NITS PS1\backend\whatsapp-session\session-nits-ps1-whatsapp\Default\IndexedDB\https_web.whatsapp.com_0.indexeddb.leveldb,IO error: E:\NITS PS1\backend\whatsapp-session\session-nits-ps1-whatsapp\Default\IndexedDB\https_web.whatsapp.com_0.indexeddb.leveldb/LOCK: File currently in use. (ChromeMethodBFE: 15::LockFile::2)
[1123/183535.224:ERROR:leveldb_factory.cc(88)] Failed to open LevelDB database from E:\NITS PS1\backend\whatsapp-session\session-nits-ps1-whatsapp\Default\IndexedDB\https_web.whatsapp.com_0.indexeddb.leveldb,IO error: E:\NITS PS1\backend\whatsapp-session\session-nits-ps1-whatsapp\Default\IndexedDB\https_web.whatsapp.com_0.indexeddb.leveldb/LOCK: File currently in use. (ChromeMethodBFE: 15::LockFile::2)
[1123/183536.989:ERROR:leveldb_factory.cc(88)] Failed to open LevelDB database from E:\NITS PS1\backend\whatsapp-session\session-nits-ps1-whatsapp\Default\IndexedDB\https_web.whatsapp.com_0.indexeddb.leveldb,IO error: E:\NITS PS1\backend\whatsapp-session\session-nits-ps1-whatsapp\Default\IndexedDB\https_web.whatsapp.com_0.indexeddb.leveldb/LOCK: File currently in use. (ChromeMethodBFE: 15::LockFile::2)
[1123/183537.238:ERROR:leveldb_factory.cc(88)] Failed to open LevelDB database from E:\NITS PS1\backend\whatsapp-session\session-nits-ps1-whatsapp\Default\IndexedDB\https_web.whatsapp.com_0.indexeddb.leveldb,IO error: E:\NITS PS1\backend\whatsapp-session\session-nits-ps1-whatsapp\Default\IndexedDB\https_web.whatsapp.com_0.indexeddb.leveldb/LOCK: File currently in use. (ChromeMethodBFE: 15::LockFile::2)
[1123/183539.000:ERROR:leveldb_factory.cc(88)] Failed to open LevelDB database from E:\NITS PS1\backend\whatsapp-session\session-nits-ps1-whatsapp\Default\IndexedDB\https_web.whatsapp.com_0.indexeddb.leveldb,IO error: E:\NITS PS1\backend\whatsapp-session\session-nits-ps1-whatsapp\Default\IndexedDB\https_web.whatsapp.com_0.indexeddb.leveldb/LOCK: File currently in use. (ChromeMethodBFE: 15::LockFile::2)
[1123/183539.260:ERROR:leveldb_factory.cc(88)] Failed to open LevelDB database from E:\NITS PS1\backend\whatsapp-session\session-nits-ps1-whatsapp\Default\IndexedDB\https_web.whatsapp.com_0.indexeddb.leveldb,IO error: E:\NITS PS1\backend\whatsapp-session\session-nits-ps1-whatsapp\Default\IndexedDB\https_web.whatsapp.com_0.indexeddb.leveldb/LOCK: File currently in use. (ChromeMethodBFE: 15::LockFile::2)
[1123/183541.018:ERROR:leveldb_factory.cc(88)] Failed to open LevelDB database from E:\NITS PS1\backend\whatsapp-session\session-nits-ps1-whatsapp\Default\IndexedDB\https_web.whatsapp.com_0.indexeddb.leveldb,IO error: E:\NITS PS1\backend\whatsapp-session\session-nits-ps1-whatsapp\Default\IndexedDB\https_web.whatsapp.com_0.indexeddb.leveldb/LOCK: File currently in use. (ChromeMethodBFE: 15::LockFile::2)
[1123/183541.265:ERROR:leveldb_factory.cc(88)] Failed to open LevelDB database from E:\NITS PS1\backend\whatsapp-session\session-nits-ps1-whatsapp\Default\IndexedDB\https_web.whatsapp.com_0.indexeddb.leveldb,IO error: E:\NITS PS1\backend\whatsapp-session\session-nits-ps1-whatsapp\Default\IndexedDB\https_web.whatsapp.com_0.indexeddb.leveldb/LOCK: File currently in use. (ChromeMethodBFE: 15::LockFile::2)
[1123/183543.035:ERROR:leveldb_factory.cc(88)] Failed to open LevelDB database from E:\NITS PS1\backend\whatsapp-session\session-nits-ps1-whatsapp\Default\IndexedDB\https_web.whatsapp.com_0.indexeddb.leveldb,IO error: E:\NITS PS1\backend\whatsapp-session\session-nits-ps1-whatsapp\Default\IndexedDB\https_web.whatsapp.com_0.indexeddb.leveldb/LOCK: File currently in use. (ChromeMethodBFE: 15::LockFile::2)
[1123/183543.281:ERROR:leveldb_factory.cc(88)] Failed to open LevelDB database from E:\NITS PS1\backend\whatsapp-session\session-nits-ps1-whatsapp\Default\IndexedDB\https_web.whatsapp.com_0.indexeddb.leveldb,IO error: E:\NITS PS1\backend\whatsapp-session\session-nits-ps1-whatsapp\Default\IndexedDB\https_web.whatsapp.com_0.indexeddb.leveldb/LOCK: File currently in use. (ChromeMethodBFE: 15::LockFile::2)
[1123/183545.050:ERROR:leveldb_factory.cc(88)] Failed to open LevelDB database from E:\NITS PS1\backend\whatsapp-session\session-nits-ps1-whatsapp\Default\IndexedDB\https_web.whatsapp.com_0.indexeddb.leveldb,IO error: E:\NITS PS1\backend\whatsapp-session\session-nits-ps1-whatsapp\Default\IndexedDB\https_web.whatsapp.com_0.indexeddb.leveldb/LOCK: File currently in use. (ChromeMethodBFE: 15::LockFile::2)
[1123/183545.301:ERROR:leveldb_factory.cc(88)] Failed to open LevelDB database from E:\NITS PS1\backend\whatsapp-session\session-nits-ps1-whatsapp\Default\IndexedDB\https_web.whatsapp.com_0.indexeddb.leveldb,IO error: E:\NITS PS1\backend\whatsapp-session\session-nits-ps1-whatsapp\Default\IndexedDB\https_web.whatsapp.com_0.indexeddb.leveldb/LOCK: File currently in use. (ChromeMethodBFE: 15::LockFile::2)
[1123/183547.068:ERROR:leveldb_factory.cc(88)] Failed to open LevelDB database from E:\NITS PS1\backend\whatsapp-session\session-nits-ps1-whatsapp\Default\IndexedDB\https_web.whatsapp.com_0.indexeddb.leveldb,IO error: E:\NITS PS1\backend\whatsapp-session\session-nits-ps1-whatsapp\Default\IndexedDB\https_web.whatsapp.com_0.indexeddb.leveldb/LOCK: File currently in use. (ChromeMethodBFE: 15::LockFile::2)
[1123/183547.316:ERROR:leveldb_factory.cc(88)] Failed to open LevelDB database from E:\NITS PS1\backend\whatsapp-session\session-nits-ps1-whatsapp\Default\IndexedDB\https_web.whatsapp.com_0.indexeddb.leveldb,IO error: E:\NITS PS1\backend\whatsapp-session\session-nits-ps1-whatsapp\Default\IndexedDB\https_web.whatsapp.com_0.indexeddb.leveldb/LOCK: File currently in use. (ChromeMethodBFE: 15::LockFile::2)
[1123/183549.074:ERROR:leveldb_factory.cc(88)] Failed to open LevelDB database from E:\NITS PS1\backend\whatsapp-session\session-nits-ps1-whatsapp\Default\IndexedDB\https_web.whatsapp.com_0.indexeddb.leveldb,IO error: E:\NITS PS1\backend\whatsapp-session\session-nits-ps1-whatsapp\Default\IndexedDB\https_web.whatsapp.com_0.indexeddb.leveldb/LOCK: File currently in use. (ChromeMethodBFE: 15::LockFile::2)
[1123/183549.322:ERROR:leveldb_factory.cc(88)] Failed to open LevelDB database from E:\NITS PS1\backend\whatsapp-session\session-nits-ps1-whatsapp\Default\IndexedDB\https_web.whatsapp.com_0.indexeddb.leveldb,IO error: E:\NITS PS1\backend\whatsapp-session\session-nits-ps1-whatsapp\Default\IndexedDB\https_web.whatsapp.com_0.indexeddb.leveldb/LOCK: File currently in use. (ChromeMethodBFE: 15::LockFile::2)
[1123/183551.093:ERROR:leveldb_factory.cc(88)] Failed to open LevelDB database from E:\NITS PS1\backend\whatsapp-session\session-nits-ps1-whatsapp\Default\IndexedDB\https_web.whatsapp.com_0.indexeddb.leveldb,IO error: E:\NITS PS1\backend\whatsapp-session\session-nits-ps1-whatsapp\Default\IndexedDB\https_web.whatsapp.com_0.indexeddb.leveldb/LOCK: File currently in use. (ChromeMethodBFE: 15::LockFile::2)
[1123/183551.334:ERROR:leveldb_factory.cc(88)] Failed to open LevelDB database from E:\NITS PS1\backend\whatsapp-session\session-nits-ps1-whatsapp\Default\IndexedDB\https_web.whatsapp.com_0.indexeddb.leveldb,IO error: E:\NITS PS1\backend\whatsapp-session\session-nits-ps1-whatsapp\Default\IndexedDB\https_web.whatsapp.com_0.indexeddb.leveldb/LOCK: File currently in use. (ChromeMethodBFE: 15::LockFile::2)
[1123/183553.097:ERROR:leveldb_factory.cc(88)] Failed to open LevelDB database from E:\NITS PS1\backend\whatsapp-session\session-nits-ps1-whatsapp\Default\IndexedDB\https_web.whatsapp.com_0.indexeddb.leveldb,IO error: E:\NITS PS1\backend\whatsapp-session\session-nits-ps1-whatsapp\Default\IndexedDB\https_web.whatsapp.com_0.indexeddb.leveldb/LOCK: File currently in use. (ChromeMethodBFE: 15::LockFile::2)
[1123/183553.346:ERROR:leveldb_factory.cc(88)] Failed to open LevelDB database from E:\NITS PS1\backend\whatsapp-session\session-nits-ps1-whatsapp\Default\IndexedDB\https_web.whatsapp.com_0.indexeddb.leveldb,IO error: E:\NITS PS1\backend\whatsapp-session\session-nits-ps1-whatsapp\Default\IndexedDB\https_web.whatsapp.com_0.indexeddb.leveldb/LOCK: File currently in use. (ChromeMethodBFE: 15::LockFile::2)
[1123/183555.118:ERROR:leveldb_factory.cc(88)] Failed to open LevelDB database from E:\NITS PS1\backend\whatsapp-session\session-nits-ps1-whatsapp\Default\IndexedDB\https_web.whatsapp.com_0.indexeddb.leveldb,IO error: E:\NITS PS1\backend\whatsapp-session\session-nits-ps1-whatsapp\Default\IndexedDB\https_web.whatsapp.com_0.indexeddb.leveldb/LOCK: File currently in use. (ChromeMethodBFE: 15::LockFile::2)
[1123/183555.365:ERROR:leveldb_factory.cc(88)] Failed to open LevelDB database from E:\NITS PS1\backend\whatsapp-session\session-nits-ps1-whatsapp\Default\IndexedDB\https_web.whatsapp.com_0.indexeddb.leveldb,IO error: E:\NITS PS1\backend\whatsapp-session\session-nits-ps1-whatsapp\Default\IndexedDB\https_web.whatsapp.com_0.indexeddb.leveldb/LOCK: File currently in use. (ChromeMethodBFE: 15::LockFile::2)
[1123/183555.572:INFO:CONSOLE(113)] "Event handler of 'x-storagemutated-1' event must be added on the initial evaluation of worker script.", source: https://static.whatsapp.net/rsrc.php/v4/yY/r/QRxlo6RWaHe.js (113)
[1123/183557.131:ERROR:leveldb_factory.cc(88)] Failed to open LevelDB database from E:\NITS PS1\backend\whatsapp-session\session-nits-ps1-whatsapp\Default\IndexedDB\https_web.whatsapp.com_0.indexeddb.leveldb,IO error: E:\NITS PS1\backend\whatsapp-session\session-nits-ps1-whatsapp\Default\IndexedDB\https_web.whatsapp.com_0.indexeddb.leveldb/LOCK: File currently in use. (ChromeMethodBFE: 15::LockFile::2)
[1123/183557.379:ERROR:leveldb_factory.cc(88)] Failed to open LevelDB database from E:\NITS PS1\backend\whatsapp-session\session-nits-ps1-whatsapp\Default\IndexedDB\https_web.whatsapp.com_0.indexeddb.leveldb,IO error: E:\NITS PS1\backend\whatsapp-session\session-nits-ps1-whatsapp\Default\IndexedDB\https_web.whatsapp.com_0.indexeddb.leveldb/LOCK: File currently in use. (ChromeMethodBFE: 15::LockFile::2)
[1123/183559.148:ERROR:leveldb_factory.cc(88)] Failed to open LevelDB database from E:\NITS PS1\backend\whatsapp-session\session-nits-ps1-whatsapp\Default\IndexedDB\https_web.whatsapp.com_0.indexeddb.leveldb,IO error: E:\NITS PS1\backend\whatsapp-session\session-nits-ps1-whatsapp\Default\IndexedDB\https_web.whatsapp.com_0.indexeddb.leveldb/LOCK: File currently in use. (ChromeMethodBFE: 15::LockFile::2)
[1123/183559.399:ERROR:leveldb_factory.cc(88)] Failed to open LevelDB database from E:\NITS PS1\backend\whatsapp-session\session-nits-ps1-whatsapp\Default\IndexedDB\https_web.whatsapp.com_0.indexeddb.leveldb,IO error: E:\NITS PS1\backend\whatsapp-session\session-nits-ps1-whatsapp\Default\IndexedDB\https_web.whatsapp.com_0.indexeddb.leveldb/LOCK: File currently in use. (ChromeMethodBFE: 15::LockFile::2)
[1123/183601.163:ERROR:leveldb_factory.cc(88)] Failed to open LevelDB database from E:\NITS PS1\backend\whatsapp-session\session-nits-ps1-whatsapp\Default\IndexedDB\https_web.whatsapp.com_0.indexeddb.leveldb,IO error: E:\NITS PS1\backend\whatsapp-session\session-nits-ps1-whatsapp\Default\IndexedDB\https_web.whatsapp.com_0.indexeddb.leveldb/LOCK: File currently in use. (ChromeMethodBFE: 15::LockFile::2)
[1123/183601.411:ERROR:leveldb_factory.cc(88)] Failed to open LevelDB database from E:\NITS PS1\backend\whatsapp-session\session-nits-ps1-whatsapp\Default\IndexedDB\https_web.whatsapp.com_0.indexeddb.leveldb,IO error: E:\NITS PS1\backend\whatsapp-session\session-nits-ps1-whatsapp\Default\IndexedDB\https_web.whatsapp.com_0.indexeddb.leveldb/LOCK: File currently in use. (ChromeMethodBFE: 15::LockFile::2)
[1123/183603.179:ERROR:leveldb_factory.cc(88)] Failed to open LevelDB database from E:\NITS PS1\backend\whatsapp-session\session-nits-ps1-whatsapp\Default\IndexedDB\https_web.whatsapp.com_0.indexeddb.leveldb,IO error: E:\NITS PS1\backend\whatsapp-session\session-nits-ps1-whatsapp\Default\IndexedDB\https_web.whatsapp.com_0.indexeddb.leveldb/LOCK: File currently in use. (ChromeMethodBFE: 15::LockFile::2)
[1123/183603.426:ERROR:leveldb_factory.cc(88)] Failed to open LevelDB database from E:\NITS PS1\backend\whatsapp-session\session-nits-ps1-whatsapp\Default\IndexedDB\https_web.whatsapp.com_0.indexeddb.leveldb,IO error: E:\NITS PS1\backend\whatsapp-session\session-nits-ps1-whatsapp\Default\IndexedDB\https_web.whatsapp.com_0.indexeddb.leveldb/LOCK: File currently in use. (ChromeMethodBFE: 15::LockFile::2)
[1123/183605.186:ERROR:leveldb_factory.cc(88)] Failed to open LevelDB database from E:\NITS PS1\backend\whatsapp-session\session-nits-ps1-whatsapp\Default\IndexedDB\https_web.whatsapp.com_0.indexeddb.leveldb,IO error: E:\NITS PS1\backend\whatsapp-session\session-nits-ps1-whatsapp\Default\IndexedDB\https_web.whatsapp.com_0.indexeddb.leveldb/LOCK: File currently in use. (ChromeMethodBFE: 15::LockFile::2)
[1123/183605.444:ERROR:leveldb_factory.cc(88)] Failed to open LevelDB database from E:\NITS PS1\backend\whatsapp-session\session-nits-ps1-whatsapp\Default\IndexedDB\https_web.whatsapp.com_0.indexeddb.leveldb,IO error: E:\NITS PS1\backend\whatsapp-session\session-nits-ps1-whatsapp\Default\IndexedDB\https_web.whatsapp.com_0.indexeddb.leveldb/LOCK: File currently in use. (ChromeMethodBFE: 15::LockFile::2)
[1123/183607.196:ERROR:leveldb_factory.cc(88)] Failed to open LevelDB database from E:\NITS PS1\backend\whatsapp-session\session-nits-ps1-whatsapp\Default\IndexedDB\https_web.whatsapp.com_0.indexeddb.leveldb,IO error: E:\NITS PS1\backend\whatsapp-session\session-nits-ps1-whatsapp\Default\IndexedDB\https_web.whatsapp.com_0.indexeddb.leveldb/LOCK: File currently in use. (ChromeMethodBFE: 15::LockFile::2)
[1123/183607.456:ERROR:leveldb_factory.cc(88)] Failed to open LevelDB database from E:\NITS PS1\backend\whatsapp-session\session-nits-ps1-whatsapp\Default\IndexedDB\https_web.whatsapp.com_0.indexeddb.leveldb,IO error: E:\NITS PS1\backend\whatsapp-session\session-nits-ps1-whatsapp\Default\IndexedDB\https_web.whatsapp.com_0.indexeddb.leveldb/LOCK: File currently in use. (ChromeMethodBFE: 15::LockFile::2)
[1123/183609.205:ERROR:leveldb_factory.cc(88)] Failed to open LevelDB database from E:\NITS PS1\backend\whatsapp-session\session-nits-ps1-whatsapp\Default\IndexedDB\https_web.whatsapp.com_0.indexeddb.leveldb,IO error: E:\NITS PS1\backend\whatsapp-session\session-nits-ps1-whatsapp\Default\IndexedDB\https_web.whatsapp.com_0.indexeddb.leveldb/LOCK: File currently in use. (ChromeMethodBFE: 15::LockFile::2)
[1123/183609.464:ERROR:leveldb_factory.cc(88)] Failed to open LevelDB database from E:\NITS PS1\backend\whatsapp-session\session-nits-ps1-whatsapp\Default\IndexedDB\https_web.whatsapp.com_0.indexeddb.leveldb,IO error: E:\NITS PS1\backend\whatsapp-session\session-nits-ps1-whatsapp\Default\IndexedDB\https_web.whatsapp.com_0.indexeddb.leveldb/LOCK: File currently in use. (ChromeMethodBFE: 15::LockFile::2)
[1123/183611.217:ERROR:leveldb_factory.cc(88)] Failed to open LevelDB database from E:\NITS PS1\backend\whatsapp-session\session-nits-ps1-whatsapp\Default\IndexedDB\https_web.whatsapp.com_0.indexeddb.leveldb,IO error: E:\NITS PS1\backend\whatsapp-session\session-nits-ps1-whatsapp\Default\IndexedDB\https_web.whatsapp.com_0.indexeddb.leveldb/LOCK: File currently in use. (ChromeMethodBFE: 15::LockFile::2)
[1123/183611.475:ERROR:leveldb_factory.cc(88)] Failed to open LevelDB database from E:\NITS PS1\backend\whatsapp-session\session-nits-ps1-whatsapp\Default\IndexedDB\https_web.whatsapp.com_0.indexeddb.leveldb,IO error: E:\NITS PS1\backend\whatsapp-session\session-nits-ps1-whatsapp\Default\IndexedDB\https_web.whatsapp.com_0.indexeddb.leveldb/LOCK: File currently in use. (ChromeMethodBFE: 15::LockFile::2)
[1123/183613.230:ERROR:leveldb_factory.cc(88)] Failed to open LevelDB database from E:\NITS PS1\backend\whatsapp-session\session-nits-ps1-whatsapp\Default\IndexedDB\https_web.whatsapp.com_0.indexeddb.leveldb,IO error: E:\NITS PS1\backend\whatsapp-session\session-nits-ps1-whatsapp\Default\IndexedDB\https_web.whatsapp.com_0.indexeddb.leveldb/LOCK: File currently in use. (ChromeMethodBFE: 15::LockFile::2)
[1123/183613.486:ERROR:leveldb_factory.cc(88)] Failed to open LevelDB database from E:\NITS PS1\backend\whatsapp-session\session-nits-ps1-whatsapp\Default\IndexedDB\https_web.whatsapp.com_0.indexeddb.leveldb,IO error: E:\NITS PS1\backend\whatsapp-session\session-nits-ps1-whatsapp\Default\IndexedDB\https_web.whatsapp.com_0.indexeddb.leveldb/LOCK: File currently in use. (ChromeMethodBFE: 15::LockFile::2)
[1123/183615.242:ERROR:leveldb_factory.cc(88)] Failed to open LevelDB database from E:\NITS PS1\backend\whatsapp-session\session-nits-ps1-whatsapp\Default\IndexedDB\https_web.whatsapp.com_0.indexeddb.leveldb,IO error: E:\NITS PS1\backend\whatsapp-session\session-nits-ps1-whatsapp\Default\IndexedDB\https_web.whatsapp.com_0.indexeddb.leveldb/LOCK: File currently in use. (ChromeMethodBFE: 15::LockFile::2)
[1123/183615.490:ERROR:leveldb_factory.cc(88)] Failed to open LevelDB database from E:\NITS PS1\backend\whatsapp-session\session-nits-ps1-whatsapp\Default\IndexedDB\https_web.whatsapp.com_0.indexeddb.leveldb,IO error: E:\NITS PS1\backend\whatsapp-session\session-nits-ps1-whatsapp\Default\IndexedDB\https_web.whatsapp.com_0.indexeddb.leveldb/LOCK: File currently in use. (ChromeMethodBFE: 15::LockFile::2)
[1123/183617.255:ERROR:leveldb_factory.cc(88)] Failed to open LevelDB database from E:\NITS PS1\backend\whatsapp-session\session-nits-ps1-whatsapp\Default\IndexedDB\https_web.whatsapp.com_0.indexeddb.leveldb,IO error: E:\NITS PS1\backend\whatsapp-session\session-nits-ps1-whatsapp\Default\IndexedDB\https_web.whatsapp.com_0.indexeddb.leveldb/LOCK: File currently in use. (ChromeMethodBFE: 15::LockFile::2)
[1123/183617.505:ERROR:leveldb_factory.cc(88)] Failed to open LevelDB database from E:\NITS PS1\backend\whatsapp-session\session-nits-ps1-whatsapp\Default\IndexedDB\https_web.whatsapp.com_0.indexeddb.leveldb,IO error: E:\NITS PS1\backend\whatsapp-session\session-nits-ps1-whatsapp\Default\IndexedDB\https_web.whatsapp.com_0.indexeddb.leveldb/LOCK: File currently in use. (ChromeMethodBFE: 15::LockFile::2)
[1123/183619.271:ERROR:leveldb_factory.cc(88)] Failed to open LevelDB database from E:\NITS PS1\backend\whatsapp-session\session-nits-ps1-whatsapp\Default\IndexedDB\https_web.whatsapp.com_0.indexeddb.leveldb,IO error: E:\NITS PS1\backend\whatsapp-session\session-nits-ps1-whatsapp\Default\IndexedDB\https_web.whatsapp.com_0.indexeddb.leveldb/LOCK: File currently in use. (ChromeMethodBFE: 15::LockFile::2)
[1123/183619.519:ERROR:leveldb_factory.cc(88)] Failed to open LevelDB database from E:\NITS PS1\backend\whatsapp-session\session-nits-ps1-whatsapp\Default\IndexedDB\https_web.whatsapp.com_0.indexeddb.leveldb,IO error: E:\NITS PS1\backend\whatsapp-session\session-nits-ps1-whatsapp\Default\IndexedDB\https_web.whatsapp.com_0.indexeddb.leveldb/LOCK: File currently in use. (ChromeMethodBFE: 15::LockFile::2)
[1123/183621.283:ERROR:leveldb_factory.cc(88)] Failed to open LevelDB database from E:\NITS PS1\backend\whatsapp-session\session-nits-ps1-whatsapp\Default\IndexedDB\https_web.whatsapp.com_0.indexeddb.leveldb,IO error: E:\NITS PS1\backend\whatsapp-session\session-nits-ps1-whatsapp\Default\IndexedDB\https_web.whatsapp.com_0.indexeddb.leveldb/LOCK: File currently in use. (ChromeMethodBFE: 15::LockFile::2)
[1123/183621.539:ERROR:leveldb_factory.cc(88)] Failed to open LevelDB database from E:\NITS PS1\backend\whatsapp-session\session-nits-ps1-whatsapp\Default\IndexedDB\https_web.whatsapp.com_0.indexeddb.leveldb,IO error: E:\NITS PS1\backend\whatsapp-session\session-nits-ps1-whatsapp\Default\IndexedDB\https_web.whatsapp.com_0.indexeddb.leveldb/LOCK: File currently in use. (ChromeMethodBFE: 15::LockFile::2)
[1123/183623.294:ERROR:leveldb_factory.cc(88)] Failed to open LevelDB database from E:\NITS PS1\backend\whatsapp-session\session-nits-ps1-whatsapp\Default\IndexedDB\https_web.whatsapp.com_0.indexeddb.leveldb,IO error: E:\NITS PS1\backend\whatsapp-session\session-nits-ps1-whatsapp\Default\IndexedDB\https_web.whatsapp.com_0.indexeddb.leveldb/LOCK: File currently in use. (ChromeMethodBFE: 15::LockFile::2)
[1123/183623.555:ERROR:leveldb_factory.cc(88)] Failed to open LevelDB database from E:\NITS PS1\backend\whatsapp-session\session-nits-ps1-whatsapp\Default\IndexedDB\https_web.whatsapp.com_0.indexeddb.leveldb,IO error: E:\NITS PS1\backend\whatsapp-session\session-nits-ps1-whatsapp\Default\IndexedDB\https_web.whatsapp.com_0.indexeddb.leveldb/LOCK: File currently in use. (ChromeMethodBFE: 15::LockFile::2)
[1123/183625.298:ERROR:leveldb_factory.cc(88)] Failed to open LevelDB database from E:\NITS PS1\backend\whatsapp-session\session-nits-ps1-whatsapp\Default\IndexedDB\https_web.whatsapp.com_0.indexeddb.leveldb,IO error: E:\NITS PS1\backend\whatsapp-session\session-nits-ps1-whatsapp\Default\IndexedDB\https_web.whatsapp.com_0.indexeddb.leveldb/LOCK: File currently in use. (ChromeMethodBFE: 15::LockFile::2)
[1123/183625.568:ERROR:leveldb_factory.cc(88)] Failed to open LevelDB database from E:\NITS PS1\backend\whatsapp-session\session-nits-ps1-whatsapp\Default\IndexedDB\https_web.whatsapp.com_0.indexeddb.leveldb,IO error: E:\NITS PS1\backend\whatsapp-session\session-nits-ps1-whatsapp\Default\IndexedDB\https_web.whatsapp.com_0.indexeddb.leveldb/LOCK: File currently in use. (ChromeMethodBFE: 15::LockFile::2)
[1123/183627.310:ERROR:leveldb_factory.cc(88)] Failed to open LevelDB database from E:\NITS PS1\backend\whatsapp-session\session-nits-ps1-whatsapp\Default\IndexedDB\https_web.whatsapp.com_0.indexeddb.leveldb,IO error: E:\NITS PS1\backend\whatsapp-session\session-nits-ps1-whatsapp\Default\IndexedDB\https_web.whatsapp.com_0.indexeddb.leveldb/LOCK: File currently in use. (ChromeMethodBFE: 15::LockFile::2)
[1123/183627.580:ERROR:leveldb_factory.cc(88)] Failed to open LevelDB database from E:\NITS PS1\backend\whatsapp-session\session-nits-ps1-whatsapp\Default\IndexedDB\https_web.whatsapp.com_0.indexeddb.leveldb,IO error: E:\NITS PS1\backend\whatsapp-session\session-nits-ps1-whatsapp\Default\IndexedDB\https_web.whatsapp.com_0.indexeddb.leveldb/LOCK: File currently in use. (ChromeMethodBFE: 15::LockFile::2)
[1123/183629.324:ERROR:leveldb_factory.cc(88)] Failed to open LevelDB database from E:\NITS PS1\backend\whatsapp-session\session-nits-ps1-whatsapp\Default\IndexedDB\https_web.whatsapp.com_0.indexeddb.leveldb,IO error: E:\NITS PS1\backend\whatsapp-session\session-nits-ps1-whatsapp\Default\IndexedDB\https_web.whatsapp.com_0.indexeddb.leveldb/LOCK: File currently in use. (ChromeMethodBFE: 15::LockFile::2)
[1123/183629.591:ERROR:leveldb_factory.cc(88)] Failed to open LevelDB database from E:\NITS PS1\backend\whatsapp-session\session-nits-ps1-whatsapp\Default\IndexedDB\https_web.whatsapp.com_0.indexeddb.leveldb,IO error: E:\NITS PS1\backend\whatsapp-session\session-nits-ps1-whatsapp\Default\IndexedDB\https_web.whatsapp.com_0.indexeddb.leveldb/LOCK: File currently in use. (ChromeMethodBFE: 15::LockFile::2)
[1123/183631.337:ERROR:leveldb_factory.cc(88)] Failed to open LevelDB database from E:\NITS PS1\backend\whatsapp-session\session-nits-ps1-whatsapp\Default\IndexedDB\https_web.whatsapp.com_0.indexeddb.leveldb,IO error: E:\NITS PS1\backend\whatsapp-session\session-nits-ps1-whatsapp\Default\IndexedDB\https_web.whatsapp.com_0.indexeddb.leveldb/LOCK: File currently in use. (ChromeMethodBFE: 15::LockFile::2)
[1123/183631.607:ERROR:leveldb_factory.cc(88)] Failed to open LevelDB database from E:\NITS PS1\backend\whatsapp-session\session-nits-ps1-whatsapp\Default\IndexedDB\https_web.whatsapp.com_0.indexeddb.leveldb,IO error: E:\NITS PS1\backend\whatsapp-session\session-nits-ps1-whatsapp\Default\IndexedDB\https_web.whatsapp.com_0.indexeddb.leveldb/LOCK: File currently in use. (ChromeMethodBFE: 15::LockFile::2)
[1123/183633.349:ERROR:leveldb_factory.cc(88)] Failed to open LevelDB database from E:\NITS PS1\backend\whatsapp-session\session-nits-ps1-whatsapp\Default\IndexedDB\https_web.whatsapp.com_0.indexeddb.leveldb,IO error: E:\NITS PS1\backend\whatsapp-session\session-nits-ps1-whatsapp\Default\IndexedDB\https_web.whatsapp.com_0.indexeddb.leveldb/LOCK: File currently in use. (ChromeMethodBFE: 15::LockFile::2)
[1123/183633.621:ERROR:leveldb_factory.cc(88)] Failed to open LevelDB database from E:\NITS PS1\backend\whatsapp-session\session-nits-ps1-whatsapp\Default\IndexedDB\https_web.whatsapp.com_0.indexeddb.leveldb,IO error: E:\NITS PS1\backend\whatsapp-session\session-nits-ps1-whatsapp\Default\IndexedDB\https_web.whatsapp.com_0.indexeddb.leveldb/LOCK: File currently in use. (ChromeMethodBFE: 15::LockFile::2)
[1123/183634.068:INFO:CONSOLE(77)] "ErrorUtils caught an error:

page-load-validation-missing-wam-incomplete-ws-timing

Subsequent non-fatal errors won't be logged; see https://fburl.com/debugjs. [object Object]", source: https://static.whatsapp.net/rsrc.php/v4/yu/r/4wLJsIo9jix.js (77)
[1123/183635.364:ERROR:leveldb_factory.cc(88)] Failed to open LevelDB database from E:\NITS PS1\backend\whatsapp-session\session-nits-ps1-whatsapp\Default\IndexedDB\https_web.whatsapp.com_0.indexeddb.leveldb,IO error: E:\NITS PS1\backend\whatsapp-session\session-nits-ps1-whatsapp\Default\IndexedDB\https_web.whatsapp.com_0.indexeddb.leveldb/LOCK: File currently in use. (ChromeMethodBFE: 15::LockFile::2)
[1123/183635.634:ERROR:leveldb_factory.cc(88)] Failed to open LevelDB database from E:\NITS PS1\backend\whatsapp-session\session-nits-ps1-whatsapp\Default\IndexedDB\https_web.whatsapp.com_0.indexeddb.leveldb,IO error: E:\NITS PS1\backend\whatsapp-session\session-nits-ps1-whatsapp\Default\IndexedDB\https_web.whatsapp.com_0.indexeddb.leveldb/LOCK: File currently in use. (ChromeMethodBFE: 15::LockFile::2)
[1123/183635.792:INFO:CONSOLE(77)] "ErrorUtils caught an error:

page-load-validation-missing-wam-incomplete-ws-timing

Subsequent non-fatal errors won't be logged; see https://fburl.com/debugjs. [object Object]", source: https://static.whatsapp.net/rsrc.php/v4/yu/r/4wLJsIo9jix.js (77)
[1123/183637.382:ERROR:leveldb_factory.cc(88)] Failed to open LevelDB database from E:\NITS PS1\backend\whatsapp-session\session-nits-ps1-whatsapp\Default\IndexedDB\https_web.whatsapp.com_0.indexeddb.leveldb,IO error: E:\NITS PS1\backend\whatsapp-session\session-nits-ps1-whatsapp\Default\IndexedDB\https_web.whatsapp.com_0.indexeddb.leveldb/LOCK: File currently in use. (ChromeMethodBFE: 15::LockFile::2)
[1123/183637.640:ERROR:leveldb_factory.cc(88)] Failed to open LevelDB database from E:\NITS PS1\backend\whatsapp-session\session-nits-ps1-whatsapp\Default\IndexedDB\https_web.whatsapp.com_0.indexeddb.leveldb,IO error: E:\NITS PS1\backend\whatsapp-session\session-nits-ps1-whatsapp\Default\IndexedDB\https_web.whatsapp.com_0.indexeddb.leveldb/LOCK: File currently in use. (ChromeMethodBFE: 15::LockFile::2)
[1123/183639.386:ERROR:leveldb_factory.cc(88)] Failed to open LevelDB database from E:\NITS PS1\backend\whatsapp-session\session-nits-ps1-whatsapp\Default\IndexedDB\https_web.whatsapp.com_0.indexeddb.leveldb,IO error: E:\NITS PS1\backend\whatsapp-session\session-nits-ps1-whatsapp\Default\IndexedDB\https_web.whatsapp.com_0.indexeddb.leveldb/LOCK: File currently in use. (ChromeMethodBFE: 15::LockFile::2)
[1123/183639.649:ERROR:leveldb_factory.cc(88)] Failed to open LevelDB database from E:\NITS PS1\backend\whatsapp-session\session-nits-ps1-whatsapp\Default\IndexedDB\https_web.whatsapp.com_0.indexeddb.leveldb,IO error: E:\NITS PS1\backend\whatsapp-session\session-nits-ps1-whatsapp\Default\IndexedDB\https_web.whatsapp.com_0.indexeddb.leveldb/LOCK: File currently in use. (ChromeMethodBFE: 15::LockFile::2)
[1123/183641.402:ERROR:leveldb_factory.cc(88)] Failed to open LevelDB database from E:\NITS PS1\backend\whatsapp-session\session-nits-ps1-whatsapp\Default\IndexedDB\https_web.whatsapp.com_0.indexeddb.leveldb,IO error: E:\NITS PS1\backend\whatsapp-session\session-nits-ps1-whatsapp\Default\IndexedDB\https_web.whatsapp.com_0.indexeddb.leveldb/LOCK: File currently in use. (ChromeMethodBFE: 15::LockFile::2)
[1123/183641.656:ERROR:leveldb_factory.cc(88)] Failed to open LevelDB database from E:\NITS PS1\backend\whatsapp-session\session-nits-ps1-whatsapp\Default\IndexedDB\https_web.whatsapp.com_0.indexeddb.leveldb,IO error: E:\NITS PS1\backend\whatsapp-session\session-nits-ps1-whatsapp\Default\IndexedDB\https_web.whatsapp.com_0.indexeddb.leveldb/LOCK: File currently in use. (ChromeMethodBFE: 15::LockFile::2)
[1123/183643.417:ERROR:leveldb_factory.cc(88)] Failed to open LevelDB database from E:\NITS PS1\backend\whatsapp-session\session-nits-ps1-whatsapp\Default\IndexedDB\https_web.whatsapp.com_0.indexeddb.leveldb,IO error: E:\NITS PS1\backend\whatsapp-session\session-nits-ps1-whatsapp\Default\IndexedDB\https_web.whatsapp.com_0.indexeddb.leveldb/LOCK: File currently in use. (ChromeMethodBFE: 15::LockFile::2)
[1123/183643.671:ERROR:leveldb_factory.cc(88)] Failed to open LevelDB database from E:\NITS PS1\backend\whatsapp-session\session-nits-ps1-whatsapp\Default\IndexedDB\https_web.whatsapp.com_0.indexeddb.leveldb,IO error: E:\NITS PS1\backend\whatsapp-session\session-nits-ps1-whatsapp\Default\IndexedDB\https_web.whatsapp.com_0.indexeddb.leveldb/LOCK: File currently in use. (ChromeMethodBFE: 15::LockFile::2)
[1123/183645.437:ERROR:leveldb_factory.cc(88)] Failed to open LevelDB database from E:\NITS PS1\backend\whatsapp-session\session-nits-ps1-whatsapp\Default\IndexedDB\https_web.whatsapp.com_0.indexeddb.leveldb,IO error: E:\NITS PS1\backend\whatsapp-session\session-nits-ps1-whatsapp\Default\IndexedDB\https_web.whatsapp.com_0.indexeddb.leveldb/LOCK: File currently in use. (ChromeMethodBFE: 15::LockFile::2)
[1123/183645.686:ERROR:leveldb_factory.cc(88)] Failed to open LevelDB database from E:\NITS PS1\backend\whatsapp-session\session-nits-ps1-whatsapp\Default\IndexedDB\https_web.whatsapp.com_0.indexeddb.leveldb,IO error: E:\NITS PS1\backend\whatsapp-session\session-nits-ps1-whatsapp\Default\IndexedDB\https_web.whatsapp.com_0.indexeddb.leveldb/LOCK: File currently in use. (ChromeMethodBFE: 15::LockFile::2)
[1123/183647.450:ERROR:leveldb_factory.cc(88)] Failed to open LevelDB database from E:\NITS PS1\backend\whatsapp-session\session-nits-ps1-whatsapp\Default\IndexedDB\https_web.whatsapp.com_0.indexeddb.leveldb,IO error: E:\NITS PS1\backend\whatsapp-session\session-nits-ps1-whatsapp\Default\IndexedDB\https_web.whatsapp.com_0.indexeddb.leveldb/LOCK: File currently in use. (ChromeMethodBFE: 15::LockFile::2)
[1123/183647.700:ERROR:leveldb_factory.cc(88)] Failed to open LevelDB database from E:\NITS PS1\backend\whatsapp-session\session-nits-ps1-whatsapp\Default\IndexedDB\https_web.whatsapp.com_0.indexeddb.leveldb,IO error: E:\NITS PS1\backend\whatsapp-session\session-nits-ps1-whatsapp\Default\IndexedDB\https_web.whatsapp.com_0.indexeddb.leveldb/LOCK: File currently in use. (ChromeMethodBFE: 15::LockFile::2)
[1123/183649.458:ERROR:leveldb_factory.cc(88)] Failed to open LevelDB database from E:\NITS PS1\backend\whatsapp-session\session-nits-ps1-whatsapp\Default\IndexedDB\https_web.whatsapp.com_0.indexeddb.leveldb,IO error: E:\NITS PS1\backend\whatsapp-session\session-nits-ps1-whatsapp\Default\IndexedDB\https_web.whatsapp.com_0.indexeddb.leveldb/LOCK: File currently in use. (ChromeMethodBFE: 15::LockFile::2)
[1123/183649.709:ERROR:leveldb_factory.cc(88)] Failed to open LevelDB database from E:\NITS PS1\backend\whatsapp-session\session-nits-ps1-whatsapp\Default\IndexedDB\https_web.whatsapp.com_0.indexeddb.leveldb,IO error: E:\NITS PS1\backend\whatsapp-session\session-nits-ps1-whatsapp\Default\IndexedDB\https_web.whatsapp.com_0.indexeddb.leveldb/LOCK: File currently in use. (ChromeMethodBFE: 15::LockFile::2)
[1123/183651.476:ERROR:leveldb_factory.cc(88)] Failed to open LevelDB database from E:\NITS PS1\backend\whatsapp-session\session-nits-ps1-whatsapp\Default\IndexedDB\https_web.whatsapp.com_0.indexeddb.leveldb,IO error: E:\NITS PS1\backend\whatsapp-session\session-nits-ps1-whatsapp\Default\IndexedDB\https_web.whatsapp.com_0.indexeddb.leveldb/LOCK: File currently in use. (ChromeMethodBFE: 15::LockFile::2)
[1123/183651.724:ERROR:leveldb_factory.cc(88)] Failed to open LevelDB database from E:\NITS PS1\backend\whatsapp-session\session-nits-ps1-whatsapp\Default\IndexedDB\https_web.whatsapp.com_0.indexeddb.leveldb,IO error: E:\NITS PS1\backend\whatsapp-session\session-nits-ps1-whatsapp\Default\IndexedDB\https_web.whatsapp.com_0.indexeddb.leveldb/LOCK: File currently in use. (ChromeMethodBFE: 15::LockFile::2)
[1123/183653.486:ERROR:leveldb_factory.cc(88)] Failed to open LevelDB database from E:\NITS PS1\backend\whatsapp-session\session-nits-ps1-whatsapp\Default\IndexedDB\https_web.whatsapp.com_0.indexeddb.leveldb,IO error: E:\NITS PS1\backend\whatsapp-session\session-nits-ps1-whatsapp\Default\IndexedDB\https_web.whatsapp.com_0.indexeddb.leveldb/LOCK: File currently in use. (ChromeMethodBFE: 15::LockFile::2)
[1123/183653.736:ERROR:leveldb_factory.cc(88)] Failed to open LevelDB database from E:\NITS PS1\backend\whatsapp-session\session-nits-ps1-whatsapp\Default\IndexedDB\https_web.whatsapp.com_0.indexeddb.leveldb,IO error: E:\NITS PS1\backend\whatsapp-session\session-nits-ps1-whatsapp\Default\IndexedDB\https_web.whatsapp.com_0.indexeddb.leveldb/LOCK: File currently in use. (ChromeMethodBFE: 15::LockFile::2)
[1123/183655.504:ERROR:leveldb_factory.cc(88)] Failed to open LevelDB database from E:\NITS PS1\backend\whatsapp-session\session-nits-ps1-whatsapp\Default\IndexedDB\https_web.whatsapp.com_0.indexeddb.leveldb,IO error: E:\NITS PS1\backend\whatsapp-session\session-nits-ps1-whatsapp\Default\IndexedDB\https_web.whatsapp.com_0.indexeddb.leveldb/LOCK: File currently in use. (ChromeMethodBFE: 15::LockFile::2)
[1123/183655.748:ERROR:leveldb_factory.cc(88)] Failed to open LevelDB database from E:\NITS PS1\backend\whatsapp-session\session-nits-ps1-whatsapp\Default\IndexedDB\https_web.whatsapp.com_0.indexeddb.leveldb,IO error: E:\NITS PS1\backend\whatsapp-session\session-nits-ps1-whatsapp\Default\IndexedDB\https_web.whatsapp.com_0.indexeddb.leveldb/LOCK: File currently in use. (ChromeMethodBFE: 15::LockFile::2)
[1123/183657.518:ERROR:leveldb_factory.cc(88)] Failed to open LevelDB database from E:\NITS PS1\backend\whatsapp-session\session-nits-ps1-whatsapp\Default\IndexedDB\https_web.whatsapp.com_0.indexeddb.leveldb,IO error: E:\NITS PS1\backend\whatsapp-session\session-nits-ps1-whatsapp\Default\IndexedDB\https_web.whatsapp.com_0.indexeddb.leveldb/LOCK: File currently in use. (ChromeMethodBFE: 15::LockFile::2)
[1123/183657.753:ERROR:leveldb_factory.cc(88)] Failed to open LevelDB database from E:\NITS PS1\backend\whatsapp-session\session-nits-ps1-whatsapp\Default\IndexedDB\https_web.whatsapp.com_0.indexeddb.leveldb,IO error: E:\NITS PS1\backend\whatsapp-session\session-nits-ps1-whatsapp\Default\IndexedDB\https_web.whatsapp.com_0.indexeddb.leveldb/LOCK: File currently in use. (ChromeMethodBFE: 15::LockFile::2)
[1123/183659.532:ERROR:leveldb_factory.cc(88)] Failed to open LevelDB database from E:\NITS PS1\backend\whatsapp-session\session-nits-ps1-whatsapp\Default\IndexedDB\https_web.whatsapp.com_0.indexeddb.leveldb,IO error: E:\NITS PS1\backend\whatsapp-session\session-nits-ps1-whatsapp\Default\IndexedDB\https_web.whatsapp.com_0.indexeddb.leveldb/LOCK: File currently in use. (ChromeMethodBFE: 15::LockFile::2)
[1123/183659.762:ERROR:leveldb_factory.cc(88)] Failed to open LevelDB database from E:\NITS PS1\backend\whatsapp-session\session-nits-ps1-whatsapp\Default\IndexedDB\https_web.whatsapp.com_0.indexeddb.leveldb,IO error: E:\NITS PS1\backend\whatsapp-session\session-nits-ps1-whatsapp\Default\IndexedDB\https_web.whatsapp.com_0.indexeddb.leveldb/LOCK: File currently in use. (ChromeMethodBFE: 15::LockFile::2)
[1123/183701.541:ERROR:leveldb_factory.cc(88)] Failed to open LevelDB database from E:\NITS PS1\backend\whatsapp-session\session-nits-ps1-whatsapp\Default\IndexedDB\https_web.whatsapp.com_0.indexeddb.leveldb,IO error: E:\NITS PS1\backend\whatsapp-session\session-nits-ps1-whatsapp\Default\IndexedDB\https_web.whatsapp.com_0.indexeddb.leveldb/LOCK: File currently in use. (ChromeMethodBFE: 15::LockFile::2)
[1123/183701.770:ERROR:leveldb_factory.cc(88)] Failed to open LevelDB database from E:\NITS PS1\backend\whatsapp-session\session-nits-ps1-whatsapp\Default\IndexedDB\https_web.whatsapp.com_0.indexeddb.leveldb,IO error: E:\NITS PS1\backend\whatsapp-session\session-nits-ps1-whatsapp\Default\IndexedDB\https_web.whatsapp.com_0.indexeddb.leveldb/LOCK: File currently in use. (ChromeMethodBFE: 15::LockFile::2)
[1123/183703.551:ERROR:leveldb_factory.cc(88)] Failed to open LevelDB database from E:\NITS PS1\backend\whatsapp-session\session-nits-ps1-whatsapp\Default\IndexedDB\https_web.whatsapp.com_0.indexeddb.leveldb,IO error: E:\NITS PS1\backend\whatsapp-session\session-nits-ps1-whatsapp\Default\IndexedDB\https_web.whatsapp.com_0.indexeddb.leveldb/LOCK: File currently in use. (ChromeMethodBFE: 15::LockFile::2)
[1123/183703.779:ERROR:leveldb_factory.cc(88)] Failed to open LevelDB database from E:\NITS PS1\backend\whatsapp-session\session-nits-ps1-whatsapp\Default\IndexedDB\https_web.whatsapp.com_0.indexeddb.leveldb,IO error: E:\NITS PS1\backend\whatsapp-session\session-nits-ps1-whatsapp\Default\IndexedDB\https_web.whatsapp.com_0.indexeddb.leveldb/LOCK: File currently in use. (ChromeMethodBFE: 15::LockFile::2)
[1123/183705.569:ERROR:leveldb_factory.cc(88)] Failed to open LevelDB database from E:\NITS PS1\backend\whatsapp-session\session-nits-ps1-whatsapp\Default\IndexedDB\https_web.whatsapp.com_0.indexeddb.leveldb,IO error: E:\NITS PS1\backend\whatsapp-session\session-nits-ps1-whatsapp\Default\IndexedDB\https_web.whatsapp.com_0.indexeddb.leveldb/LOCK: File currently in use. (ChromeMethodBFE: 15::LockFile::2)
[1123/183705.797:ERROR:leveldb_factory.cc(88)] Failed to open LevelDB database from E:\NITS PS1\backend\whatsapp-session\session-nits-ps1-whatsapp\Default\IndexedDB\https_web.whatsapp.com_0.indexeddb.leveldb,IO error: E:\NITS PS1\backend\whatsapp-session\session-nits-ps1-whatsapp\Default\IndexedDB\https_web.whatsapp.com_0.indexeddb.leveldb/LOCK: File currently in use. (ChromeMethodBFE: 15::LockFile::2)
[1123/183707.578:ERROR:leveldb_factory.cc(88)] Failed to open LevelDB database from E:\NITS PS1\backend\whatsapp-session\session-nits-ps1-whatsapp\Default\IndexedDB\https_web.whatsapp.com_0.indexeddb.leveldb,IO error: E:\NITS PS1\backend\whatsapp-session\session-nits-ps1-whatsapp\Default\IndexedDB\https_web.whatsapp.com_0.indexeddb.leveldb/LOCK: File currently in use. (ChromeMethodBFE: 15::LockFile::2)
[1123/183707.807:ERROR:leveldb_factory.cc(88)] Failed to open LevelDB database from E:\NITS PS1\backend\whatsapp-session\session-nits-ps1-whatsapp\Default\IndexedDB\https_web.whatsapp.com_0.indexeddb.leveldb,IO error: E:\NITS PS1\backend\whatsapp-session\session-nits-ps1-whatsapp\Default\IndexedDB\https_web.whatsapp.com_0.indexeddb.leveldb/LOCK: File currently in use. (ChromeMethodBFE: 15::LockFile::2)
[1123/183709.597:ERROR:leveldb_factory.cc(88)] Failed to open LevelDB database from E:\NITS PS1\backend\whatsapp-session\session-nits-ps1-whatsapp\Default\IndexedDB\https_web.whatsapp.com_0.indexeddb.leveldb,IO error: E:\NITS PS1\backend\whatsapp-session\session-nits-ps1-whatsapp\Default\IndexedDB\https_web.whatsapp.com_0.indexeddb.leveldb/LOCK: File currently in use. (ChromeMethodBFE: 15::LockFile::2)
[1123/183709.821:ERROR:leveldb_factory.cc(88)] Failed to open LevelDB database from E:\NITS PS1\backend\whatsapp-session\session-nits-ps1-whatsapp\Default\IndexedDB\https_web.whatsapp.com_0.indexeddb.leveldb,IO error: E:\NITS PS1\backend\whatsapp-session\session-nits-ps1-whatsapp\Default\IndexedDB\https_web.whatsapp.com_0.indexeddb.leveldb/LOCK: File currently in use. (ChromeMethodBFE: 15::LockFile::2)
[1123/183711.609:ERROR:leveldb_factory.cc(88)] Failed to open LevelDB database from E:\NITS PS1\backend\whatsapp-session\session-nits-ps1-whatsapp\Default\IndexedDB\https_web.whatsapp.com_0.indexeddb.leveldb,IO error: E:\NITS PS1\backend\whatsapp-session\session-nits-ps1-whatsapp\Default\IndexedDB\https_web.whatsapp.com_0.indexeddb.leveldb/LOCK: File currently in use. (ChromeMethodBFE: 15::LockFile::2)
[1123/183711.835:ERROR:leveldb_factory.cc(88)] Failed to open LevelDB database from E:\NITS PS1\backend\whatsapp-session\session-nits-ps1-whatsapp\Default\IndexedDB\https_web.whatsapp.com_0.indexeddb.leveldb,IO error: E:\NITS PS1\backend\whatsapp-session\session-nits-ps1-whatsapp\Default\IndexedDB\https_web.whatsapp.com_0.indexeddb.leveldb/LOCK: File currently in use. (ChromeMethodBFE: 15::LockFile::2)
[1123/183713.624:ERROR:leveldb_factory.cc(88)] Failed to open LevelDB database from E:\NITS PS1\backend\whatsapp-session\session-nits-ps1-whatsapp\Default\IndexedDB\https_web.whatsapp.com_0.indexeddb.leveldb,IO error: E:\NITS PS1\backend\whatsapp-session\session-nits-ps1-whatsapp\Default\IndexedDB\https_web.whatsapp.com_0.indexeddb.leveldb/LOCK: File currently in use. (ChromeMethodBFE: 15::LockFile::2)
[1123/183713.847:ERROR:leveldb_factory.cc(88)] Failed to open LevelDB database from E:\NITS PS1\backend\whatsapp-session\session-nits-ps1-whatsapp\Default\IndexedDB\https_web.whatsapp.com_0.indexeddb.leveldb,IO error: E:\NITS PS1\backend\whatsapp-session\session-nits-ps1-whatsapp\Default\IndexedDB\https_web.whatsapp.com_0.indexeddb.leveldb/LOCK: File currently in use. (ChromeMethodBFE: 15::LockFile::2)
[1123/183715.640:ERROR:leveldb_factory.cc(88)] Failed to open LevelDB database from E:\NITS PS1\backend\whatsapp-session\session-nits-ps1-whatsapp\Default\IndexedDB\https_web.whatsapp.com_0.indexeddb.leveldb,IO error: E:\NITS PS1\backend\whatsapp-session\session-nits-ps1-whatsapp\Default\IndexedDB\https_web.whatsapp.com_0.indexeddb.leveldb/LOCK: File currently in use. (ChromeMethodBFE: 15::LockFile::2)
[1123/183715.857:ERROR:leveldb_factory.cc(88)] Failed to open LevelDB database from E:\NITS PS1\backend\whatsapp-session\session-nits-ps1-whatsapp\Default\IndexedDB\https_web.whatsapp.com_0.indexeddb.leveldb,IO error: E:\NITS PS1\backend\whatsapp-session\session-nits-ps1-whatsapp\Default\IndexedDB\https_web.whatsapp.com_0.indexeddb.leveldb/LOCK: File currently in use. (ChromeMethodBFE: 15::LockFile::2)
[1123/183717.646:ERROR:leveldb_factory.cc(88)] Failed to open LevelDB database from E:\NITS PS1\backend\whatsapp-session\session-nits-ps1-whatsapp\Default\IndexedDB\https_web.whatsapp.com_0.indexeddb.leveldb,IO error: E:\NITS PS1\backend\whatsapp-session\session-nits-ps1-whatsapp\Default\IndexedDB\https_web.whatsapp.com_0.indexeddb.leveldb/LOCK: File currently in use. (ChromeMethodBFE: 15::LockFile::2)
[1123/183717.870:ERROR:leveldb_factory.cc(88)] Failed to open LevelDB database from E:\NITS PS1\backend\whatsapp-session\session-nits-ps1-whatsapp\Default\IndexedDB\https_web.whatsapp.com_0.indexeddb.leveldb,IO error: E:\NITS PS1\backend\whatsapp-session\session-nits-ps1-whatsapp\Default\IndexedDB\https_web.whatsapp.com_0.indexeddb.leveldb/LOCK: File currently in use. (ChromeMethodBFE: 15::LockFile::2)
[1123/183719.655:ERROR:leveldb_factory.cc(88)] Failed to open LevelDB database from E:\NITS PS1\backend\whatsapp-session\session-nits-ps1-whatsapp\Default\IndexedDB\https_web.whatsapp.com_0.indexeddb.leveldb,IO error: E:\NITS PS1\backend\whatsapp-session\session-nits-ps1-whatsapp\Default\IndexedDB\https_web.whatsapp.com_0.indexeddb.leveldb/LOCK: File currently in use. (ChromeMethodBFE: 15::LockFile::2)
[1123/183719.880:ERROR:leveldb_factory.cc(88)] Failed to open LevelDB database from E:\NITS PS1\backend\whatsapp-session\session-nits-ps1-whatsapp\Default\IndexedDB\https_web.whatsapp.com_0.indexeddb.leveldb,IO error: E:\NITS PS1\backend\whatsapp-session\session-nits-ps1-whatsapp\Default\IndexedDB\https_web.whatsapp.com_0.indexeddb.leveldb/LOCK: File currently in use. (ChromeMethodBFE: 15::LockFile::2)
[1123/183721.668:ERROR:leveldb_factory.cc(88)] Failed to open LevelDB database from E:\NITS PS1\backend\whatsapp-session\session-nits-ps1-whatsapp\Default\IndexedDB\https_web.whatsapp.com_0.indexeddb.leveldb,IO error: E:\NITS PS1\backend\whatsapp-session\session-nits-ps1-whatsapp\Default\IndexedDB\https_web.whatsapp.com_0.indexeddb.leveldb/LOCK: File currently in use. (ChromeMethodBFE: 15::LockFile::2)
[1123/183721.895:ERROR:leveldb_factory.cc(88)] Failed to open LevelDB database from E:\NITS PS1\backend\whatsapp-session\session-nits-ps1-whatsapp\Default\IndexedDB\https_web.whatsapp.com_0.indexeddb.leveldb,IO error: E:\NITS PS1\backend\whatsapp-session\session-nits-ps1-whatsapp\Default\IndexedDB\https_web.whatsapp.com_0.indexeddb.leveldb/LOCK: File currently in use. (ChromeMethodBFE: 15::LockFile::2)
[1123/183723.688:ERROR:leveldb_factory.cc(88)] Failed to open LevelDB database from E:\NITS PS1\backend\whatsapp-session\session-nits-ps1-whatsapp\Default\IndexedDB\https_web.whatsapp.com_0.indexeddb.leveldb,IO error: E:\NITS PS1\backend\whatsapp-session\session-nits-ps1-whatsapp\Default\IndexedDB\https_web.whatsapp.com_0.indexeddb.leveldb/LOCK: File currently in use. (ChromeMethodBFE: 15::LockFile::2)
[1123/183723.905:ERROR:leveldb_factory.cc(88)] Failed to open LevelDB database from E:\NITS PS1\backend\whatsapp-session\session-nits-ps1-whatsapp\Default\IndexedDB\https_web.whatsapp.com_0.indexeddb.leveldb,IO error: E:\NITS PS1\backend\whatsapp-session\session-nits-ps1-whatsapp\Default\IndexedDB\https_web.whatsapp.com_0.indexeddb.leveldb/LOCK: File currently in use. (ChromeMethodBFE: 15::LockFile::2)
[1123/183725.704:ERROR:leveldb_factory.cc(88)] Failed to open LevelDB database from E:\NITS PS1\backend\whatsapp-session\session-nits-ps1-whatsapp\Default\IndexedDB\https_web.whatsapp.com_0.indexeddb.leveldb,IO error: E:\NITS PS1\backend\whatsapp-session\session-nits-ps1-whatsapp\Default\IndexedDB\https_web.whatsapp.com_0.indexeddb.leveldb/LOCK: File currently in use. (ChromeMethodBFE: 15::LockFile::2)
[1123/183725.921:ERROR:leveldb_factory.cc(88)] Failed to open LevelDB database from E:\NITS PS1\backend\whatsapp-session\session-nits-ps1-whatsapp\Default\IndexedDB\https_web.whatsapp.com_0.indexeddb.leveldb,IO error: E:\NITS PS1\backend\whatsapp-session\session-nits-ps1-whatsapp\Default\IndexedDB\https_web.whatsapp.com_0.indexeddb.leveldb/LOCK: File currently in use. (ChromeMethodBFE: 15::LockFile::2)
[1123/183727.723:ERROR:leveldb_factory.cc(88)] Failed to open LevelDB database from E:\NITS PS1\backend\whatsapp-session\session-nits-ps1-whatsapp\Default\IndexedDB\https_web.whatsapp.com_0.indexeddb.leveldb,IO error: E:\NITS PS1\backend\whatsapp-session\session-nits-ps1-whatsapp\Default\IndexedDB\https_web.whatsapp.com_0.indexeddb.leveldb/LOCK: File currently in use. (ChromeMethodBFE: 15::LockFile::2)
[1123/183727.928:ERROR:leveldb_factory.cc(88)] Failed to open LevelDB database from E:\NITS PS1\backend\whatsapp-session\session-nits-ps1-whatsapp\Default\IndexedDB\https_web.whatsapp.com_0.indexeddb.leveldb,IO error: E:\NITS PS1\backend\whatsapp-session\session-nits-ps1-whatsapp\Default\IndexedDB\https_web.whatsapp.com_0.indexeddb.leveldb/LOCK: File currently in use. (ChromeMethodBFE: 15::LockFile::2)
[1123/183729.737:ERROR:leveldb_factory.cc(88)] Failed to open LevelDB database from E:\NITS PS1\backend\whatsapp-session\session-nits-ps1-whatsapp\Default\IndexedDB\https_web.whatsapp.com_0.indexeddb.leveldb,IO error: E:\NITS PS1\backend\whatsapp-session\session-nits-ps1-whatsapp\Default\IndexedDB\https_web.whatsapp.com_0.indexeddb.leveldb/LOCK: File currently in use. (ChromeMethodBFE: 15::LockFile::2)
[1123/183729.942:ERROR:leveldb_factory.cc(88)] Failed to open LevelDB database from E:\NITS PS1\backend\whatsapp-session\session-nits-ps1-whatsapp\Default\IndexedDB\https_web.whatsapp.com_0.indexeddb.leveldb,IO error: E:\NITS PS1\backend\whatsapp-session\session-nits-ps1-whatsapp\Default\IndexedDB\https_web.whatsapp.com_0.indexeddb.leveldb/LOCK: File currently in use. (ChromeMethodBFE: 15::LockFile::2)
[1123/183731.747:ERROR:leveldb_factory.cc(88)] Failed to open LevelDB database from E:\NITS PS1\backend\whatsapp-session\session-nits-ps1-whatsapp\Default\IndexedDB\https_web.whatsapp.com_0.indexeddb.leveldb,IO error: E:\NITS PS1\backend\whatsapp-session\session-nits-ps1-whatsapp\Default\IndexedDB\https_web.whatsapp.com_0.indexeddb.leveldb/LOCK: File currently in use. (ChromeMethodBFE: 15::LockFile::2)
[1123/183731.965:ERROR:leveldb_factory.cc(88)] Failed to open LevelDB database from E:\NITS PS1\backend\whatsapp-session\session-nits-ps1-whatsapp\Default\IndexedDB\https_web.whatsapp.com_0.indexeddb.leveldb,IO error: E:\NITS PS1\backend\whatsapp-session\session-nits-ps1-whatsapp\Default\IndexedDB\https_web.whatsapp.com_0.indexeddb.leveldb/LOCK: File currently in use. (ChromeMethodBFE: 15::LockFile::2)
[1123/183733.768:ERROR:leveldb_factory.cc(88)] Failed to open LevelDB database from E:\NITS PS1\backend\whatsapp-session\session-nits-ps1-whatsapp\Default\IndexedDB\https_web.whatsapp.com_0.indexeddb.leveldb,IO error: E:\NITS PS1\backend\whatsapp-session\session-nits-ps1-whatsapp\Default\IndexedDB\https_web.whatsapp.com_0.indexeddb.leveldb/LOCK: File currently in use. (ChromeMethodBFE: 15::LockFile::2)
[1123/183736.881:INFO:CONSOLE(77)] "ErrorUtils caught an error:

window is not defined

Subsequent non-fatal errors won't be logged; see https://fburl.com/debugjs. [object Object]", source: https://static.whatsapp.net/rsrc.php/v4/yu/r/4wLJsIo9jix.js (77)
[1123/183738.207:INFO:CONSOLE(113)] "Event handler of 'x-storagemutated-1' event must be added on the initial evaluation of worker script.", source: https://static.whatsapp.net/rsrc.php/v4/yY/r/QRxlo6RWaHe.js (113)
